Using pre-set license
Built from '2022.3/respin/2022.3.62f2-4af31df585-v2' branch; Version is '2022.3.62f2 (7670c08855a9) revision 7762112'; Using compiler version '192829333'; Build Type 'Release'
OS: 'Windows 11  (10.0.26200) 64bit Core' Language: 'en' Physical Memory: 16122 MB
BatchMode: 1, IsHumanControllingUs: 0, StartBugReporterOnCrash: 0, Is64bit: 1, IsPro: 1

COMMAND LINE ARGUMENTS:
C:\Program Files\Unity\Hub\Editor\2022.3.62f2\Editor\Unity.exe
-adb2
-batchMode
-noUpm
-name
AssetImportWorker1
-projectPath
C:/Users/David/CG Lab 1
-logFile
Logs/AssetImportWorker1.log
-srvPort
59359
Successfully changed project path to: C:/Users/David/CG Lab 1
C:/Users/David/CG Lab 1
[UnityMemory] Configuration Parameters - Can be set up in boot.config
    "memorysetup-bucket-allocator-granularity=16"
    "memorysetup-bucket-allocator-bucket-count=8"
    "memorysetup-bucket-allocator-block-size=33554432"
    "memorysetup-bucket-allocator-block-count=8"
    "memorysetup-main-allocator-block-size=16777216"
    "memorysetup-thread-allocator-block-size=16777216"
    "memorysetup-gfx-main-allocator-block-size=16777216"
    "memorysetup-gfx-thread-allocator-block-size=16777216"
    "memorysetup-cache-allocator-block-size=4194304"
    "memorysetup-typetree-allocator-block-size=2097152"
    "memorysetup-profiler-bucket-allocator-granularity=16"
    "memorysetup-profiler-bucket-allocator-bucket-count=8"
    "memorysetup-profiler-bucket-allocator-block-size=33554432"
    "memorysetup-profiler-bucket-allocator-block-count=8"
    "memorysetup-profiler-allocator-block-size=16777216"
    "memorysetup-profiler-editor-allocator-block-size=1048576"
    "memorysetup-temp-allocator-size-main=16777216"
    "memorysetup-job-temp-allocator-block-size=2097152"
    "memorysetup-job-temp-allocator-block-size-background=1048576"
    "memorysetup-job-temp-allocator-reduction-small-platforms=262144"
    "memorysetup-allocator-temp-initial-block-size-main=262144"
    "memorysetup-allocator-temp-initial-block-size-worker=262144"
    "memorysetup-temp-allocator-size-background-worker=32768"
    "memorysetup-temp-allocator-size-job-worker=262144"
    "memorysetup-temp-allocator-size-preload-manager=33554432"
    "memorysetup-temp-allocator-size-nav-mesh-worker=65536"
    "memorysetup-temp-allocator-size-audio-worker=65536"
    "memorysetup-temp-allocator-size-cloud-worker=32768"
    "memorysetup-temp-allocator-size-gi-baking-worker=262144"
    "memorysetup-temp-allocator-size-gfx=262144"
Player connection [158672]  Target information:

Player connection [158672]  * "[IP] 10.0.0.78 [Port] 0 [Flags] 2 [Guid] 1179012833 [EditorId] 1179012833 [Version] 1048832 [Id] WindowsEditor(7,DESKTOP-9I7KJPO) [Debug] 1 [PackageName] WindowsEditor [ProjectName] Editor" 

Player connection [158672] Host joined multi-casting on [225.0.0.222:54997]...
Player connection [158672] Host joined alternative multi-casting on [225.0.0.222:34997]...
Input System module state changed to: Initialized.
[PhysX] Initialized MultithreadedTaskDispatcher with 16 workers.
Refreshing native plugins compatible for Editor in 40.47 ms, found 3 plugins.
Preloading 0 native plugins for Editor in 0.00 ms.
Initialize engine version: 2022.3.62f2 (7670c08855a9)
[Subsystems] Discovering subsystems at path C:/Program Files/Unity/Hub/Editor/2022.3.62f2/Editor/Data/Resources/UnitySubsystems
[Subsystems] Discovering subsystems at path C:/Users/David/CG Lab 1/Assets
GfxDevice: creating device client; threaded=0; jobified=0
Direct3D:
    Version:  Direct3D 11.0 [level 11.1]
    Renderer: NVIDIA GeForce RTX 3050 Ti Laptop GPU (ID=0x25a0)
    Vendor:   NVIDIA
    VRAM:     3962 MB
    Driver:   32.0.15.7652
Initialize mono
Mono path[0] = 'C:/Program Files/Unity/Hub/Editor/2022.3.62f2/Editor/Data/Managed'
Mono path[1] = 'C:/Program Files/Unity/Hub/Editor/2022.3.62f2/Editor/Data/MonoBleedingEdge/lib/mono/unityjit-win32'
Mono config path = 'C:/Program Files/Unity/Hub/Editor/2022.3.62f2/Editor/Data/MonoBleedingEdge/etc'
Using monoOptions --debugger-agent=transport=dt_socket,embedding=1,server=y,suspend=n,address=127.0.0.1:56640
Begin MonoManager ReloadAssembly
Registering precompiled unity dll's ...
Register platform support module: C:/Program Files/Unity/Hub/Editor/2022.3.62f2/Editor/Data/PlaybackEngines/WindowsStandaloneSupport/UnityEditor.WindowsStandalone.Extensions.dll
Registered in 0.031462 seconds.
- Loaded All Assemblies, in  0.608 seconds
Native extension for WindowsStandalone target not found
Mono: successfully reloaded assembly
- Finished resetting the current domain, in  0.310 seconds
Domain Reload Profiling: 908ms
	BeginReloadAssembly (242ms)
		ExecutionOrderSort (0ms)
		DisableScriptedObjects (0ms)
		BackupInstance (0ms)
		ReleaseScriptingObjects (0ms)
		CreateAndSetChildDomain (1ms)
	RebuildCommonClasses (45ms)
	RebuildNativeTypeToScriptingClass (11ms)
	initialDomainReloadingComplete (123ms)
	LoadAllAssembliesAndSetupDomain (176ms)
		LoadAssemblies (232ms)
		RebuildTransferFunctionScriptingTraits (0ms)
		AnalyzeDomain (172ms)
			TypeCache.Refresh (170ms)
				TypeCache.ScanAssembly (152ms)
			ScanForSourceGeneratedMonoScriptInfo (0ms)
			ResolveRequiredComponents (1ms)
	FinalizeReload (311ms)
		ReleaseScriptCaches (0ms)
		RebuildScriptCaches (0ms)
		SetupLoadedEditorAssemblies (257ms)
			LogAssemblyErrors (0ms)
			InitializePlatformSupportModulesInManaged (19ms)
			SetLoadedEditorAssemblies (9ms)
			RefreshPlugins (0ms)
			BeforeProcessingInitializeOnLoad (2ms)
			ProcessInitializeOnLoadAttributes (170ms)
			ProcessInitializeOnLoadMethodAttributes (57ms)
			AfterProcessingInitializeOnLoad (0ms)
			EditorAssembliesLoaded (0ms)
		ExecutionOrderSort2 (0ms)
		AwakeInstancesAfterBackupRestoration (0ms)
========================================================================
Worker process is ready to serve import requests
Caller must complete domain reload
Begin MonoManager ReloadAssembly
- Loaded All Assemblies, in  1.197 seconds
Native extension for WindowsStandalone target not found
Mono: successfully reloaded assembly
- Finished resetting the current domain, in  0.678 seconds
Domain Reload Profiling: 1863ms
	BeginReloadAssembly (204ms)
		ExecutionOrderSort (0ms)
		DisableScriptedObjects (4ms)
		BackupInstance (0ms)
		ReleaseScriptingObjects (0ms)
		CreateAndSetChildDomain (29ms)
	RebuildCommonClasses (35ms)
	RebuildNativeTypeToScriptingClass (9ms)
	initialDomainReloadingComplete (64ms)
	LoadAllAssembliesAndSetupDomain (872ms)
		LoadAssemblies (801ms)
		RebuildTransferFunctionScriptingTraits (0ms)
		AnalyzeDomain (203ms)
			TypeCache.Refresh (170ms)
				TypeCache.ScanAssembly (153ms)
			ScanForSourceGeneratedMonoScriptInfo (22ms)
			ResolveRequiredComponents (9ms)
	FinalizeReload (679ms)
		ReleaseScriptCaches (0ms)
		RebuildScriptCaches (0ms)
		SetupLoadedEditorAssemblies (530ms)
			LogAssemblyErrors (0ms)
			InitializePlatformSupportModulesInManaged (12ms)
			SetLoadedEditorAssemblies (4ms)
			RefreshPlugins (0ms)
			BeforeProcessingInitializeOnLoad (95ms)
			ProcessInitializeOnLoadAttributes (335ms)
			ProcessInitializeOnLoadMethodAttributes (66ms)
			AfterProcessingInitializeOnLoad (19ms)
			EditorAssembliesLoaded (0ms)
		ExecutionOrderSort2 (0ms)
		AwakeInstancesAfterBackupRestoration (6ms)
Launched and connected shader compiler UnityShaderCompiler.exe after 0.07 seconds
Refreshing native plugins compatible for Editor in 14.62 ms, found 3 plugins.
Preloading 0 native plugins for Editor in 0.00 ms.
Unloading 5206 Unused Serialized files (Serialized files now loaded: 0)
Unloading 37 unused Assets / (421.1 KB). Loaded Objects now: 5672.
Memory consumption went from 203.5 MB to 203.1 MB.
Total: 5.725800 ms (FindLiveObjects: 0.568900 ms CreateObjectMapping: 0.495100 ms MarkObjects: 4.328800 ms  DeleteObjects: 0.331400 ms)

AssetImportParameters requested are different than current active one (requested -> active):
  custom:container-demuxer-ogg: 62fdf1f143b41e24485cea50d1cbac27 -> 
  custom:video-codec-MediaFoundation-h265: 746d11721c4dcdbdad8f713fa42b33f4 -> 
  custom:video-decoder-ogg-theora: a1e56fd34408186e4bbccfd4996cb3dc -> 
  custom:framework-win-MediaFoundation: 216162199b28c13a410421893ffa2e32 -> 
  custom:CustomObjectIndexerAttribute: 72b91833f83ae208fae7752999fa3104 -> 
  custom:container-demuxer-webm: 4f35f7cbe854078d1ac9338744f61a02 -> 
  custom:container-muxer-webm: aa71ff27fc2769a1b78a27578f13a17b -> 
  custom:video-decoder-webm-vp8: 9c59270c3fd7afecdb556c50c9e8de78 -> 
  custom:SearchIndexIgnoredProperties: e643bd26f0fe6173181afceb89e7c659 -> 
  custom:AudioImporter_EditorPlatform: d09bf68614088b80899f8185d706f6e7 -> 
  custom:video-encoder-webm-vp8: eb34c28f22e8b96e1ab97ce403110664 -> 
  custom:audio-decoder-ogg-vorbis: bf7c407c2cedff20999df2af8eb42d56 -> 
  custom:audio-encoder-webm-vorbis: bf7c407c2cedff20999df2af8eb42d56 -> 
========================================================================
Received Prepare
Caller must complete domain reload
Begin MonoManager ReloadAssembly
- Loaded All Assemblies, in  0.654 seconds
Native extension for WindowsStandalone target not found
Mono: successfully reloaded assembly
- Finished resetting the current domain, in  1.837 seconds
Domain Reload Profiling: 2476ms
	BeginReloadAssembly (191ms)
		ExecutionOrderSort (0ms)
		DisableScriptedObjects (3ms)
		BackupInstance (0ms)
		ReleaseScriptingObjects (0ms)
		CreateAndSetChildDomain (32ms)
	RebuildCommonClasses (30ms)
	RebuildNativeTypeToScriptingClass (9ms)
	initialDomainReloadingComplete (51ms)
	LoadAllAssembliesAndSetupDomain (356ms)
		LoadAssemblies (451ms)
		RebuildTransferFunctionScriptingTraits (0ms)
		AnalyzeDomain (21ms)
			TypeCache.Refresh (7ms)
				TypeCache.ScanAssembly (0ms)
			ScanForSourceGeneratedMonoScriptInfo (0ms)
			ResolveRequiredComponents (13ms)
	FinalizeReload (1838ms)
		ReleaseScriptCaches (0ms)
		RebuildScriptCaches (0ms)
		SetupLoadedEditorAssemblies (505ms)
			LogAssemblyErrors (0ms)
			InitializePlatformSupportModulesInManaged (14ms)
			SetLoadedEditorAssemblies (3ms)
			RefreshPlugins (0ms)
			BeforeProcessingInitializeOnLoad (104ms)
			ProcessInitializeOnLoadAttributes (300ms)
			ProcessInitializeOnLoadMethodAttributes (62ms)
			AfterProcessingInitializeOnLoad (21ms)
			EditorAssembliesLoaded (0ms)
		ExecutionOrderSort2 (0ms)
		AwakeInstancesAfterBackupRestoration (15ms)
Refreshing native plugins compatible for Editor in 18.93 ms, found 3 plugins.
Preloading 0 native plugins for Editor in 0.00 ms.
Unloading 5053 Unused Serialized files (Serialized files now loaded: 0)
Unloading 20 unused Assets / (387.1 KB). Loaded Objects now: 5689.
Memory consumption went from 177.3 MB to 176.9 MB.
Total: 6.183300 ms (FindLiveObjects: 0.684000 ms CreateObjectMapping: 0.610900 ms MarkObjects: 4.644900 ms  DeleteObjects: 0.241300 ms)

Prepare: number of updated asset objects reloaded= 0
AssetImportParameters requested are different than current active one (requested -> active):
  custom:container-demuxer-ogg: 62fdf1f143b41e24485cea50d1cbac27 -> 
  custom:video-codec-MediaFoundation-h265: 746d11721c4dcdbdad8f713fa42b33f4 -> 
  custom:video-decoder-ogg-theora: a1e56fd34408186e4bbccfd4996cb3dc -> 
  custom:framework-win-MediaFoundation: 216162199b28c13a410421893ffa2e32 -> 
  custom:CustomObjectIndexerAttribute: 72b91833f83ae208fae7752999fa3104 -> 
  custom:container-demuxer-webm: 4f35f7cbe854078d1ac9338744f61a02 -> 
  custom:container-muxer-webm: aa71ff27fc2769a1b78a27578f13a17b -> 
  custom:video-decoder-webm-vp8: 9c59270c3fd7afecdb556c50c9e8de78 -> 
  custom:SearchIndexIgnoredProperties: e643bd26f0fe6173181afceb89e7c659 -> 
  custom:AudioImporter_EditorPlatform: d09bf68614088b80899f8185d706f6e7 -> 
  custom:video-encoder-webm-vp8: eb34c28f22e8b96e1ab97ce403110664 -> 
  custom:audio-decoder-ogg-vorbis: bf7c407c2cedff20999df2af8eb42d56 -> 
  custom:audio-encoder-webm-vorbis: bf7c407c2cedff20999df2af8eb42d56 -> 
========================================================================
Received Prepare
Caller must complete domain reload
Begin MonoManager ReloadAssembly
- Loaded All Assemblies, in  0.611 seconds
Native extension for WindowsStandalone target not found
Mono: successfully reloaded assembly
- Finished resetting the current domain, in  1.772 seconds
Domain Reload Profiling: 2367ms
	BeginReloadAssembly (192ms)
		ExecutionOrderSort (0ms)
		DisableScriptedObjects (3ms)
		BackupInstance (0ms)
		ReleaseScriptingObjects (0ms)
		CreateAndSetChildDomain (29ms)
	RebuildCommonClasses (30ms)
	RebuildNativeTypeToScriptingClass (9ms)
	initialDomainReloadingComplete (48ms)
	LoadAllAssembliesAndSetupDomain (316ms)
		LoadAssemblies (420ms)
		RebuildTransferFunctionScriptingTraits (0ms)
		AnalyzeDomain (17ms)
			TypeCache.Refresh (6ms)
				TypeCache.ScanAssembly (0ms)
			ScanForSourceGeneratedMonoScriptInfo (0ms)
			ResolveRequiredComponents (10ms)
	FinalizeReload (1772ms)
		ReleaseScriptCaches (0ms)
		RebuildScriptCaches (0ms)
		SetupLoadedEditorAssemblies (512ms)
			LogAssemblyErrors (0ms)
			InitializePlatformSupportModulesInManaged (14ms)
			SetLoadedEditorAssemblies (4ms)
			RefreshPlugins (0ms)
			BeforeProcessingInitializeOnLoad (107ms)
			ProcessInitializeOnLoadAttributes (304ms)
			ProcessInitializeOnLoadMethodAttributes (58ms)
			AfterProcessingInitializeOnLoad (25ms)
			EditorAssembliesLoaded (0ms)
		ExecutionOrderSort2 (0ms)
		AwakeInstancesAfterBackupRestoration (15ms)
Refreshing native plugins compatible for Editor in 27.18 ms, found 3 plugins.
Preloading 0 native plugins for Editor in 0.00 ms.
Unloading 5053 Unused Serialized files (Serialized files now loaded: 0)
Unloading 20 unused Assets / (387.2 KB). Loaded Objects now: 5706.
Memory consumption went from 177.3 MB to 176.9 MB.
Total: 6.969600 ms (FindLiveObjects: 1.080400 ms CreateObjectMapping: 0.542400 ms MarkObjects: 5.163600 ms  DeleteObjects: 0.181500 ms)

Prepare: number of updated asset objects reloaded= 0
AssetImportParameters requested are different than current active one (requested -> active):
  custom:container-demuxer-ogg: 62fdf1f143b41e24485cea50d1cbac27 -> 
  custom:video-codec-MediaFoundation-h265: 746d11721c4dcdbdad8f713fa42b33f4 -> 
  custom:video-decoder-ogg-theora: a1e56fd34408186e4bbccfd4996cb3dc -> 
  custom:framework-win-MediaFoundation: 216162199b28c13a410421893ffa2e32 -> 
  custom:CustomObjectIndexerAttribute: 72b91833f83ae208fae7752999fa3104 -> 
  custom:container-demuxer-webm: 4f35f7cbe854078d1ac9338744f61a02 -> 
  custom:container-muxer-webm: aa71ff27fc2769a1b78a27578f13a17b -> 
  custom:video-decoder-webm-vp8: 9c59270c3fd7afecdb556c50c9e8de78 -> 
  custom:SearchIndexIgnoredProperties: e643bd26f0fe6173181afceb89e7c659 -> 
  custom:AudioImporter_EditorPlatform: d09bf68614088b80899f8185d706f6e7 -> 
  custom:video-encoder-webm-vp8: eb34c28f22e8b96e1ab97ce403110664 -> 
  custom:audio-decoder-ogg-vorbis: bf7c407c2cedff20999df2af8eb42d56 -> 
  custom:audio-encoder-webm-vorbis: bf7c407c2cedff20999df2af8eb42d56 -> 
========================================================================
Received Prepare
Caller must complete domain reload
Begin MonoManager ReloadAssembly
- Loaded All Assemblies, in  0.595 seconds
Native extension for WindowsStandalone target not found
Mono: successfully reloaded assembly
- Finished resetting the current domain, in  1.742 seconds
Domain Reload Profiling: 2328ms
	BeginReloadAssembly (190ms)
		ExecutionOrderSort (0ms)
		DisableScriptedObjects (3ms)
		BackupInstance (0ms)
		ReleaseScriptingObjects (0ms)
		CreateAndSetChildDomain (31ms)
	RebuildCommonClasses (32ms)
	RebuildNativeTypeToScriptingClass (10ms)
	initialDomainReloadingComplete (50ms)
	LoadAllAssembliesAndSetupDomain (303ms)
		LoadAssemblies (399ms)
		RebuildTransferFunctionScriptingTraits (0ms)
		AnalyzeDomain (18ms)
			TypeCache.Refresh (6ms)
				TypeCache.ScanAssembly (0ms)
			ScanForSourceGeneratedMonoScriptInfo (0ms)
			ResolveRequiredComponents (10ms)
	FinalizeReload (1742ms)
		ReleaseScriptCaches (0ms)
		RebuildScriptCaches (0ms)
		SetupLoadedEditorAssemblies (496ms)
			LogAssemblyErrors (0ms)
			InitializePlatformSupportModulesInManaged (11ms)
			SetLoadedEditorAssemblies (3ms)
			RefreshPlugins (0ms)
			BeforeProcessingInitializeOnLoad (108ms)
			ProcessInitializeOnLoadAttributes (291ms)
			ProcessInitializeOnLoadMethodAttributes (58ms)
			AfterProcessingInitializeOnLoad (25ms)
			EditorAssembliesLoaded (0ms)
		ExecutionOrderSort2 (0ms)
		AwakeInstancesAfterBackupRestoration (15ms)
Refreshing native plugins compatible for Editor in 16.26 ms, found 3 plugins.
Preloading 0 native plugins for Editor in 0.00 ms.
Unloading 5053 Unused Serialized files (Serialized files now loaded: 0)
Unloading 20 unused Assets / (387.2 KB). Loaded Objects now: 5723.
Memory consumption went from 177.3 MB to 176.9 MB.
Total: 6.589700 ms (FindLiveObjects: 1.317400 ms CreateObjectMapping: 0.690100 ms MarkObjects: 4.370900 ms  DeleteObjects: 0.209700 ms)

Prepare: number of updated asset objects reloaded= 0
AssetImportParameters requested are different than current active one (requested -> active):
  custom:container-demuxer-ogg: 62fdf1f143b41e24485cea50d1cbac27 -> 
  custom:video-codec-MediaFoundation-h265: 746d11721c4dcdbdad8f713fa42b33f4 -> 
  custom:video-decoder-ogg-theora: a1e56fd34408186e4bbccfd4996cb3dc -> 
  custom:framework-win-MediaFoundation: 216162199b28c13a410421893ffa2e32 -> 
  custom:CustomObjectIndexerAttribute: 72b91833f83ae208fae7752999fa3104 -> 
  custom:container-demuxer-webm: 4f35f7cbe854078d1ac9338744f61a02 -> 
  custom:container-muxer-webm: aa71ff27fc2769a1b78a27578f13a17b -> 
  custom:video-decoder-webm-vp8: 9c59270c3fd7afecdb556c50c9e8de78 -> 
  custom:SearchIndexIgnoredProperties: e643bd26f0fe6173181afceb89e7c659 -> 
  custom:AudioImporter_EditorPlatform: d09bf68614088b80899f8185d706f6e7 -> 
  custom:video-encoder-webm-vp8: eb34c28f22e8b96e1ab97ce403110664 -> 
  custom:audio-decoder-ogg-vorbis: bf7c407c2cedff20999df2af8eb42d56 -> 
  custom:audio-encoder-webm-vorbis: bf7c407c2cedff20999df2af8eb42d56 -> 
========================================================================
Received Prepare
Caller must complete domain reload
Begin MonoManager ReloadAssembly
- Loaded All Assemblies, in  0.684 seconds
Native extension for WindowsStandalone target not found
Mono: successfully reloaded assembly
- Finished resetting the current domain, in  1.889 seconds
Domain Reload Profiling: 2558ms
	BeginReloadAssembly (233ms)
		ExecutionOrderSort (0ms)
		DisableScriptedObjects (4ms)
		BackupInstance (0ms)
		ReleaseScriptingObjects (0ms)
		CreateAndSetChildDomain (35ms)
	RebuildCommonClasses (30ms)
	RebuildNativeTypeToScriptingClass (9ms)
	initialDomainReloadingComplete (48ms)
	LoadAllAssembliesAndSetupDomain (348ms)
		LoadAssemblies (476ms)
		RebuildTransferFunctionScriptingTraits (0ms)
		AnalyzeDomain (20ms)
			TypeCache.Refresh (7ms)
				TypeCache.ScanAssembly (0ms)
			ScanForSourceGeneratedMonoScriptInfo (0ms)
			ResolveRequiredComponents (11ms)
	FinalizeReload (1890ms)
		ReleaseScriptCaches (0ms)
		RebuildScriptCaches (0ms)
		SetupLoadedEditorAssemblies (509ms)
			LogAssemblyErrors (0ms)
			InitializePlatformSupportModulesInManaged (12ms)
			SetLoadedEditorAssemblies (3ms)
			RefreshPlugins (0ms)
			BeforeProcessingInitializeOnLoad (113ms)
			ProcessInitializeOnLoadAttributes (293ms)
			ProcessInitializeOnLoadMethodAttributes (58ms)
			AfterProcessingInitializeOnLoad (29ms)
			EditorAssembliesLoaded (0ms)
		ExecutionOrderSort2 (0ms)
		AwakeInstancesAfterBackupRestoration (13ms)
Refreshing native plugins compatible for Editor in 16.53 ms, found 3 plugins.
Preloading 0 native plugins for Editor in 0.00 ms.
Unloading 5053 Unused Serialized files (Serialized files now loaded: 0)
Unloading 20 unused Assets / (387.2 KB). Loaded Objects now: 5740.
Memory consumption went from 177.5 MB to 177.1 MB.
Total: 5.590200 ms (FindLiveObjects: 0.678000 ms CreateObjectMapping: 0.577200 ms MarkObjects: 4.170900 ms  DeleteObjects: 0.162300 ms)

Prepare: number of updated asset objects reloaded= 0
AssetImportParameters requested are different than current active one (requested -> active):
  custom:container-demuxer-ogg: 62fdf1f143b41e24485cea50d1cbac27 -> 
  custom:video-codec-MediaFoundation-h265: 746d11721c4dcdbdad8f713fa42b33f4 -> 
  custom:video-decoder-ogg-theora: a1e56fd34408186e4bbccfd4996cb3dc -> 
  custom:framework-win-MediaFoundation: 216162199b28c13a410421893ffa2e32 -> 
  custom:CustomObjectIndexerAttribute: 72b91833f83ae208fae7752999fa3104 -> 
  custom:container-demuxer-webm: 4f35f7cbe854078d1ac9338744f61a02 -> 
  custom:container-muxer-webm: aa71ff27fc2769a1b78a27578f13a17b -> 
  custom:video-decoder-webm-vp8: 9c59270c3fd7afecdb556c50c9e8de78 -> 
  custom:SearchIndexIgnoredProperties: e643bd26f0fe6173181afceb89e7c659 -> 
  custom:AudioImporter_EditorPlatform: d09bf68614088b80899f8185d706f6e7 -> 
  custom:video-encoder-webm-vp8: eb34c28f22e8b96e1ab97ce403110664 -> 
  custom:audio-decoder-ogg-vorbis: bf7c407c2cedff20999df2af8eb42d56 -> 
  custom:audio-encoder-webm-vorbis: bf7c407c2cedff20999df2af8eb42d56 -> 
========================================================================
Received Import Request.
  Time since last request: 1034327.615512 seconds.
  path: Assets/Materials/maxresdefault (2).jpg
  artifactKey: Guid(5fbf662f6614e6b469cf25ac91244b97) Importer(815301076,1909f56bfc062723c751e8b465ee728b)
Start importing Assets/Materials/maxresdefault (2).jpg using Guid(5fbf662f6614e6b469cf25ac91244b97) Importer(815301076,1909f56bfc062723c751e8b465ee728b) [PhysX] Initialized MultithreadedTaskDispatcher with 16 workers.
[PhysX] Initialized MultithreadedTaskDispatcher with 16 workers.
 -> (artifact id: '29ef0b2583ee8a01f04768174528e740') in 0.101352 seconds
Number of updated asset objects reloaded before import = 0
Number of asset objects unloaded after import = 2
========================================================================
Received Prepare
Caller must complete domain reload
Begin MonoManager ReloadAssembly
- Loaded All Assemblies, in  0.759 seconds
Native extension for WindowsStandalone target not found
Mono: successfully reloaded assembly
- Finished resetting the current domain, in  2.845 seconds
Domain Reload Profiling: 3588ms
	BeginReloadAssembly (236ms)
		ExecutionOrderSort (0ms)
		DisableScriptedObjects (4ms)
		BackupInstance (0ms)
		ReleaseScriptingObjects (0ms)
		CreateAndSetChildDomain (35ms)
	RebuildCommonClasses (37ms)
	RebuildNativeTypeToScriptingClass (10ms)
	initialDomainReloadingComplete (57ms)
	LoadAllAssembliesAndSetupDomain (402ms)
		LoadAssemblies (537ms)
		RebuildTransferFunctionScriptingTraits (0ms)
		AnalyzeDomain (21ms)
			TypeCache.Refresh (7ms)
				TypeCache.ScanAssembly (0ms)
			ScanForSourceGeneratedMonoScriptInfo (0ms)
			ResolveRequiredComponents (12ms)
	FinalizeReload (2845ms)
		ReleaseScriptCaches (0ms)
		RebuildScriptCaches (0ms)
		SetupLoadedEditorAssemblies (851ms)
			LogAssemblyErrors (0ms)
			InitializePlatformSupportModulesInManaged (20ms)
			SetLoadedEditorAssemblies (5ms)
			RefreshPlugins (0ms)
			BeforeProcessingInitializeOnLoad (181ms)
			ProcessInitializeOnLoadAttributes (502ms)
			ProcessInitializeOnLoadMethodAttributes (101ms)
			AfterProcessingInitializeOnLoad (42ms)
			EditorAssembliesLoaded (0ms)
		ExecutionOrderSort2 (0ms)
		AwakeInstancesAfterBackupRestoration (24ms)
Refreshing native plugins compatible for Editor in 25.29 ms, found 3 plugins.
Preloading 0 native plugins for Editor in 0.00 ms.
Unloading 5053 Unused Serialized files (Serialized files now loaded: 0)
Unloading 20 unused Assets / (388.3 KB). Loaded Objects now: 5760.
Memory consumption went from 177.5 MB to 177.1 MB.
Total: 6.571400 ms (FindLiveObjects: 0.820300 ms CreateObjectMapping: 0.540300 ms MarkObjects: 4.964600 ms  DeleteObjects: 0.244700 ms)

Prepare: number of updated asset objects reloaded= 0
AssetImportParameters requested are different than current active one (requested -> active):
  custom:container-demuxer-ogg: 62fdf1f143b41e24485cea50d1cbac27 -> 
  custom:video-codec-MediaFoundation-h265: 746d11721c4dcdbdad8f713fa42b33f4 -> 
  custom:video-decoder-ogg-theora: a1e56fd34408186e4bbccfd4996cb3dc -> 
  custom:framework-win-MediaFoundation: 216162199b28c13a410421893ffa2e32 -> 
  custom:CustomObjectIndexerAttribute: 72b91833f83ae208fae7752999fa3104 -> 
  custom:container-demuxer-webm: 4f35f7cbe854078d1ac9338744f61a02 -> 
  custom:container-muxer-webm: aa71ff27fc2769a1b78a27578f13a17b -> 
  custom:video-decoder-webm-vp8: 9c59270c3fd7afecdb556c50c9e8de78 -> 
  custom:SearchIndexIgnoredProperties: e643bd26f0fe6173181afceb89e7c659 -> 
  custom:AudioImporter_EditorPlatform: d09bf68614088b80899f8185d706f6e7 -> 
  custom:video-encoder-webm-vp8: eb34c28f22e8b96e1ab97ce403110664 -> 
  custom:audio-decoder-ogg-vorbis: bf7c407c2cedff20999df2af8eb42d56 -> 
  custom:audio-encoder-webm-vorbis: bf7c407c2cedff20999df2af8eb42d56 -> 
========================================================================
Received Prepare
Caller must complete domain reload
Begin MonoManager ReloadAssembly
- Loaded All Assemblies, in  0.760 seconds
Native extension for WindowsStandalone target not found
Mono: successfully reloaded assembly
- Finished resetting the current domain, in  3.059 seconds
Domain Reload Profiling: 3800ms
	BeginReloadAssembly (234ms)
		ExecutionOrderSort (0ms)
		DisableScriptedObjects (4ms)
		BackupInstance (0ms)
		ReleaseScriptingObjects (0ms)
		CreateAndSetChildDomain (39ms)
	RebuildCommonClasses (41ms)
	RebuildNativeTypeToScriptingClass (9ms)
	initialDomainReloadingComplete (53ms)
	LoadAllAssembliesAndSetupDomain (404ms)
		LoadAssemblies (525ms)
		RebuildTransferFunctionScriptingTraits (0ms)
		AnalyzeDomain (23ms)
			TypeCache.Refresh (9ms)
				TypeCache.ScanAssembly (0ms)
			ScanForSourceGeneratedMonoScriptInfo (0ms)
			ResolveRequiredComponents (12ms)
	FinalizeReload (3059ms)
		ReleaseScriptCaches (0ms)
		RebuildScriptCaches (0ms)
		SetupLoadedEditorAssemblies (559ms)
			LogAssemblyErrors (0ms)
			InitializePlatformSupportModulesInManaged (13ms)
			SetLoadedEditorAssemblies (3ms)
			RefreshPlugins (0ms)
			BeforeProcessingInitializeOnLoad (120ms)
			ProcessInitializeOnLoadAttributes (331ms)
			ProcessInitializeOnLoadMethodAttributes (64ms)
			AfterProcessingInitializeOnLoad (27ms)
			EditorAssembliesLoaded (0ms)
		ExecutionOrderSort2 (0ms)
		AwakeInstancesAfterBackupRestoration (18ms)
Refreshing native plugins compatible for Editor in 21.56 ms, found 3 plugins.
Preloading 0 native plugins for Editor in 0.00 ms.
Unloading 5053 Unused Serialized files (Serialized files now loaded: 0)
Unloading 20 unused Assets / (387.3 KB). Loaded Objects now: 5777.
Memory consumption went from 177.5 MB to 177.1 MB.
Total: 5.652800 ms (FindLiveObjects: 0.849200 ms CreateObjectMapping: 0.466000 ms MarkObjects: 4.159700 ms  DeleteObjects: 0.176600 ms)

Prepare: number of updated asset objects reloaded= 0
AssetImportParameters requested are different than current active one (requested -> active):
  custom:container-demuxer-ogg: 62fdf1f143b41e24485cea50d1cbac27 -> 
  custom:video-codec-MediaFoundation-h265: 746d11721c4dcdbdad8f713fa42b33f4 -> 
  custom:video-decoder-ogg-theora: a1e56fd34408186e4bbccfd4996cb3dc -> 
  custom:framework-win-MediaFoundation: 216162199b28c13a410421893ffa2e32 -> 
  custom:CustomObjectIndexerAttribute: 72b91833f83ae208fae7752999fa3104 -> 
  custom:container-demuxer-webm: 4f35f7cbe854078d1ac9338744f61a02 -> 
  custom:container-muxer-webm: aa71ff27fc2769a1b78a27578f13a17b -> 
  custom:video-decoder-webm-vp8: 9c59270c3fd7afecdb556c50c9e8de78 -> 
  custom:SearchIndexIgnoredProperties: e643bd26f0fe6173181afceb89e7c659 -> 
  custom:AudioImporter_EditorPlatform: d09bf68614088b80899f8185d706f6e7 -> 
  custom:video-encoder-webm-vp8: eb34c28f22e8b96e1ab97ce403110664 -> 
  custom:audio-decoder-ogg-vorbis: bf7c407c2cedff20999df2af8eb42d56 -> 
  custom:audio-encoder-webm-vorbis: bf7c407c2cedff20999df2af8eb42d56 -> 
========================================================================
Received Prepare
Couldn't register non-exiting asset root folder: 'Assets'
Assertion failed on expression: 'success'
Trying to reload asset but can't find object on disk
Trying to reload asset but can't find object on disk
Trying to reload asset but can't find object on disk
Trying to reload asset but can't find object on disk
Trying to reload asset but can't find object on disk
Trying to reload asset but can't find object on disk
Trying to reload asset but can't find object on disk
Trying to reload asset but can't find object on disk
Trying to reload asset but can't find object on disk
Trying to reload asset but can't find object on disk
Trying to reload asset but can't find object on disk
Trying to reload asset but can't find object on disk
Trying to reload asset but can't find object on disk
Trying to reload asset but can't find object on disk
Trying to reload asset but can't find object on disk
Trying to reload asset but can't find object on disk
Trying to reload asset but can't find object on disk
Trying to reload asset but can't find object on disk
Trying to reload asset but can't find object on disk
Caller must complete domain reload
Begin MonoManager ReloadAssembly
- Loaded All Assemblies, in  0.571 seconds
Native extension for WindowsStandalone target not found
Mono: successfully reloaded assembly
- Finished resetting the current domain, in  0.592 seconds
Domain Reload Profiling: 1157ms
	BeginReloadAssembly (288ms)
		ExecutionOrderSort (0ms)
		DisableScriptedObjects (4ms)
		BackupInstance (0ms)
		ReleaseScriptingObjects (0ms)
		CreateAndSetChildDomain (33ms)
	RebuildCommonClasses (193ms)
	RebuildNativeTypeToScriptingClass (12ms)
	initialDomainReloadingComplete (51ms)
	LoadAllAssembliesAndSetupDomain (20ms)
		LoadAssemblies (212ms)
		RebuildTransferFunctionScriptingTraits (0ms)
		AnalyzeDomain (10ms)
			TypeCache.Refresh (8ms)
				TypeCache.ScanAssembly (0ms)
			ScanForSourceGeneratedMonoScriptInfo (0ms)
			ResolveRequiredComponents (0ms)
	FinalizeReload (592ms)
		ReleaseScriptCaches (0ms)
		RebuildScriptCaches (0ms)
		SetupLoadedEditorAssemblies (417ms)
			LogAssemblyErrors (0ms)
			InitializePlatformSupportModulesInManaged (17ms)
			SetLoadedEditorAssemblies (7ms)
			RefreshPlugins (0ms)
			BeforeProcessingInitializeOnLoad (142ms)
			ProcessInitializeOnLoadAttributes (196ms)
			ProcessInitializeOnLoadMethodAttributes (27ms)
			AfterProcessingInitializeOnLoad (29ms)
			EditorAssembliesLoaded (0ms)
		ExecutionOrderSort2 (0ms)
		AwakeInstancesAfterBackupRestoration (10ms)
Refreshing native plugins compatible for Editor in 6.92 ms, found 0 plugins.
Preloading 0 native plugins for Editor in 0.00 ms.
Unloading 1 Unused Serialized files (Serialized files now loaded: 0)
Unloading 2066 unused Assets / (7.1 MB). Loaded Objects now: 3712.
Memory consumption went from 86.7 MB to 79.6 MB.
Total: 8.016300 ms (FindLiveObjects: 0.449900 ms CreateObjectMapping: 0.219200 ms MarkObjects: 2.609600 ms  DeleteObjects: 4.736800 ms)

Prepare: number of updated asset objects reloaded= 80
AssetImportParameters requested are different than current active one (requested -> active):
  custom:container-demuxer-ogg: 62fdf1f143b41e24485cea50d1cbac27 -> 
  custom:video-codec-MediaFoundation-h265: 746d11721c4dcdbdad8f713fa42b33f4 -> 
  custom:srp/default-pipeline: b7f79d21c2824c1db566c707043e3bdf -> 
  custom:video-decoder-ogg-theora: a1e56fd34408186e4bbccfd4996cb3dc -> 
  custom:framework-win-MediaFoundation: 216162199b28c13a410421893ffa2e32 -> 
  custom:CustomObjectIndexerAttribute: 9a22284fe3817be447336de3de66b15e -> 
  custom:container-demuxer-webm: 4f35f7cbe854078d1ac9338744f61a02 -> 
  custom:container-muxer-webm: aa71ff27fc2769a1b78a27578f13a17b -> 
  custom:video-decoder-webm-vp8: 9c59270c3fd7afecdb556c50c9e8de78 -> 
  custom:SearchIndexIgnoredProperties: e643bd26f0fe6173181afceb89e7c659 -> 
  custom:AudioImporter_EditorPlatform: d09bf68614088b80899f8185d706f6e7 -> 
  custom:video-encoder-webm-vp8: eb34c28f22e8b96e1ab97ce403110664 -> 
  custom:audio-decoder-ogg-vorbis: bf7c407c2cedff20999df2af8eb42d56 -> 
  custom:audio-encoder-webm-vorbis: bf7c407c2cedff20999df2af8eb42d56 -> 
  custom:scripting/monoscript/fileName/Light2D.cs:  -> f0b28a36e02ac27aef5d2e66d7400709
  custom:scripting/monoscript/fileName/DecalProjectorEditor.cs:  -> a081ef5bc6f5a3e296bdfd08ba042770
  custom:scripting/monoscript/fileName/AnimationPlayableAsset.cs:  -> 009db08c97e92a2c69986ab256d074e2
  custom:scripting/precompiled-assembly-types:Unity.PlasticSCM.Editor:  -> c7dee8b5a1cd08828a88ac45faf73772
  custom:scripting/precompiled-assembly-types:Unity.Burst.Unsafe:  -> 4f83dd30d4d7964b63b36d2fe1e95684
  custom:scripting/precompiled-assembly-types:Unity.RenderPipelines.Core.Runtime:  -> 304e9e04430772903aaca9825e470dcc
  custom:scripting/precompiled-assembly-types:Unity.VisualScripting.Core:  -> 0a21fb0e1386cc0544df7b99dc92b4ac
  custom:scripting/precompiled-assembly-types:Unity.PlasticSCM.Editor.Entities:  -> bae848875a35fe96f09fcc9f4e534600
  custom:scripting/monoscript/fileName/AnimationTrack.cs:  -> 579258c150686ede8cacf1f75da21715
  custom:scripting/precompiled-assembly-types:Unity.VisualScripting.State.Editor:  -> bfd19d10497364660dabdb7b0dffedf3
  custom:scripting/precompiled-assembly-types:Unity.ShaderGraph.Utilities:  -> a5f5ab80340e2d79f4dddb9a842c37b5
  custom:scripting/precompiled-assembly-types:Unity.Burst.Editor:  -> 9700c786cdfeaf9f4017c0c1ac262b4c
  custom:scripting/precompiled-assembly-types:Unity.VisualScripting.State:  -> a1b84a027925ee482b6dab13e9d110f3
  custom:scripting/precompiled-assembly-types:Unity.VisualScripting.SettingsProvider.Editor:  -> 41414d03caeb8d6946e082e3faf34ce7
  custom:scripting/precompiled-assembly-types:Unity.Burst.CodeGen:  -> 19855afef9c57189cba3f9164399ea40
  custom:scripting/monoscript/fileName/TextMeshPro.cs:  -> 0cfab9de2f927cf0a5e3dc6276498acd
  custom:scripting/precompiled-assembly-types:Unity.Burst.Cecil.Pdb:  -> 542ee58f25ed060f438b710d2d8b4fbd
  custom:scripting/precompiled-assembly-types:Unity.RenderPipelines.Universal.Config.Runtime:  -> d6ce9a11b3babd692318c3e48b3807d6
  custom:scripting/precompiled-assembly-types:Unity.Burst:  -> 813d3b3d85b4f226cca91b96115edc25
  custom:scripting/precompiled-assembly-types:Unity.RenderPipelines.Universal.2D.Internal:  -> 4d03fc9f275d470817b42b6a8a7c3043
  custom:scripting/precompiled-assembly-types:Unity.CollabProxy.Editor:  -> fad2a86ba067a8487842a7a29cba00a5
  custom:scripting/precompiled-assembly-types:Unity.Timeline.Editor:  -> 534d7c71c4dd9147ea00599cede121e1
  custom:scripting/precompiled-assembly-types:Unity.RenderPipelines.ShaderGraph.ShaderGraphLibrary:  -> 2b0f70078629f68eaf72bd5c996d479d
  custom:scripting/precompiled-assembly-types:Unity.RenderPipelines.Core.ShaderLibrary:  -> 3c0b64ed630330ed2a6537a9f18dabb5
  custom:scripting/precompiled-assembly-types:Cinemachine:  -> ddeb9d62afe5f9b9cc22254264a3a0e3
  custom:scripting/precompiled-assembly-types:com.unity.cinemachine.editor:  -> 1f055bd45c76785b23209ab6ee180f29
  custom:scripting/monoscript/fileName/FullScreenPassRendererFeature.cs:  -> ebbbef44b80ef5732dbfca6477a48ee1
  custom:scripting/precompiled-assembly-types:Unity.RenderPipelines.Core.Editor:  -> f8860ff5929cb85b004a64116af8e0c7
  custom:scripting/precompiled-assembly-types:Unity.RenderPipelines.Universal.Runtime:  -> 51327fdf1d3dd37ea9748aa847a65c87
  custom:scripting/monoscript/fileName/DebugState.cs:  -> 08c6f080780f0e58ab66c0a3e8c209e4
  custom:scripting/precompiled-assembly-types:Unity.RenderPipelines.Universal.Editor:  -> 78f93f843285e7cd35d9e7580640dbfc
  custom:scripting/monoscript/fileName/UniversalRenderPipelineGlobalSettings.cs:  -> a3b6b54d248ff08b86fefeb4768df907
  custom:scripting/precompiled-assembly-types:Unity.ShaderGraph.Editor:  -> bf6f3f3d27a6b2e612b4ba99419b6481
  custom:scripting/precompiled-assembly-types:Unity.Burst.Cecil.Mdb:  -> 267a0ac2928f725ab1cc9882bbfb898d
  custom:scripting/precompiled-assembly-types:Unity.Mathematics:  -> eda48956a0bece48f802264722748d9b
  custom:scripting/precompiled-assembly-types:UnityEditor.UI:  -> 6bae215471362000d6dbd3e0ee304a50
  custom:scripting/precompiled-assembly-types:JetBrains.Rider.PathLocator:  -> fb91ee72d999ec87cafee9848829a9a4
  custom:scripting/monoscript/fileName/TimelineAssetViewModel.cs:  -> 18a79fa063972d49f8538ad72ae7e75c
  custom:scripting/precompiled-assembly-types:log4net:  -> 019978558686b3dbe60f5be7e8a69682
  custom:scripting/precompiled-assembly-types:Unity.VisualScripting.TextureAssets:  -> c56209796e0bbe0cf0954c819164de90
  custom:scripting/precompiled-assembly-types:Unity.Timeline:  -> b058d380530d91aefff3cf869316d3f0
  custom:scripting/precompiled-assembly-types:Unity.Searcher.Editor:  -> 6e08cc58a0d3846aad56b26936b9a264
  custom:scripting/precompiled-assembly-types:Unity.VisualScripting.Shared.Editor:  -> b1bd646cbd56acfef4597dda0faf849f
  custom:scripting/precompiled-assembly-types:Unity.Burst.Cecil.Rocks:  -> 437ffcd7628e1436004701f82021574b
  custom:scripting/precompiled-assembly-types:nunit.framework:  -> de9c6147ae45b4e3446d0e562fb3bbe3
  custom:scripting/precompiled-assembly-types:Unity.Plastic.Newtonsoft.Json:  -> c587937513b02a3c784dfd4229f1b707
  custom:scripting/precompiled-assembly-types:Unity.Plastic.Antlr3.Runtime:  -> 6770513df7cfb4050a1e6f0a02312f5b
  custom:scripting/precompiled-assembly-types:Unity.VisualScripting.Core.Editor:  -> 39597c0f3a76e24d87d64afa59c5f88d
  custom:scripting/monoscript/fileName/TextMeshProUGUI.cs:  -> b783d06a82b0620f102e3253b4b9fc9b
  custom:scripting/precompiled-assembly-types:UnityEngine.TestRunner:  -> f5758234275f5346968d00e3b1a1c0e4
  custom:scripting/precompiled-assembly-types:Unity.RenderPipeline.Universal.ShaderLibrary:  -> 688645a35edb23da7def5447ad2ad7ae
  custom:scripting/precompiled-assembly-types:PPv2URPConverters:  -> bae848875a35fe96f09fcc9f4e534600
  custom:scripting/precompiled-assembly-types:Unity.VisualScripting.YamlDotNet:  -> 42147c7a78dea3b36998a42e40ee1ca1
  custom:scripting/precompiled-assembly-types:Unity.Burst.Cecil:  -> 997689720027a6523ba4efde94923b20
  custom:scripting/precompiled-assembly-types:Unity.RenderPipelines.Universal.Shaders:  -> a1e6537565ab46852e5d3bec24d03953
  custom:scripting/monoscript/fileName/UniversalRenderPipelineAsset.cs:  -> 44d29cff0a5d058e760518e1729b9f3e
  custom:scripting/precompiled-assembly-types:Unity.VisualScripting.Antlr3.Runtime:  -> faf423e1a2226361a83dad1da848e5b7
  custom:scripting/monoscript/fileName/Renderer2DData.cs:  -> f8a889de7b6a22494c8bf8e627a325bf
  custom:scripting/precompiled-assembly-types:Unity.VSCode.Editor:  -> ce0f8be6c84057ddac8877610b9e6a0a
  custom:scripting/monoscript/fileName/DisplayWindow.cs:  -> 5fbb58f67d9ef9189379b30fc85923ba
  custom:scripting/monoscript/fileName/Bloom.cs:  -> e051d0d488dd04170db16f16dbc31846
  custom:scripting/precompiled-assembly-types:Unity.VisualScripting.IonicZip:  -> cbdf74419b68ead93c00ca698cf31212
  custom:scripting/precompiled-assembly-types:Unity.VisualScripting.Flow:  -> bc99c07bfe2ca209f1879006fb72d2cd
  custom:scripting/precompiled-assembly-types:UnityEngine.UI:  -> 435ea300f6ea6646627f670b8b9884a1
  custom:scripting/precompiled-assembly-types:Unity.Mathematics.Editor:  -> 067e2f26d70b07279a04fc60a0f0bbd6
  custom:scripting/monoscript/fileName/TimelineAsset.cs:  -> 922c4504d3900c9d0f1009b93072bf15
  custom:scripting/precompiled-assembly-types:Unity.TextMeshPro.Editor:  -> 46ffe279a7239cd1fb74eb9c5ab5b5d8
  custom:scripting/precompiled-assembly-types:Unity.VisualStudio.Editor:  -> 8196c7ff3a716df6975b114b464f1975
  custom:scripting/precompiled-assembly-types:Assembly-CSharp-Editor:  -> aca7125a3389c5f4127a11b74e5e93cb
  custom:scripting/monoscript/fileName/ProbeVolume.cs:  -> c5dff5f16b984bc7f85121a44a60e634
  custom:scripting/monoscript/fileName/TrackAsset.cs:  -> 05c366eb01e12385210cbb2c784bc95b
  custom:scripting/precompiled-assembly-types:UnityEditor.TestRunner:  -> 1b08a5e3d69264f3b8177a3e839577fe
  custom:scripting/precompiled-assembly-types:Unity.TextMeshPro:  -> 59230975e8163396a463bd906828ec67
  custom:scripting/monoscript/fileName/TimelineWindow.cs:  -> 1ecae22b1c6d42e0f96084d9a8d5699a
  custom:scripting/precompiled-assembly-types:Assembly-CSharp:  -> 20cdaaa988618e7c32f4baf96f88c255
  custom:scripting/precompiled-assembly-types:unityplastic:  -> 5bde8748ad96b76db7e241ebd9a22efc
  custom:scripting/precompiled-assembly-types:Unity.Rider.Editor:  -> 0de55238d3a55d2a1ba196ecf7047382
  custom:scripting/monoscript/fileName/VolumeComponent.cs:  -> 0ce2900bf4b52691e991c42d8d280291
  custom:scripting/precompiled-assembly-types:Unity.VisualScripting.Flow.Editor:  -> db5f2770bb05e70eb00d2307d36e9057
========================================================================
Received Prepare
Couldn't register non-exiting asset root folder: 'Assets'
Assertion failed on expression: 'success'
Trying to reload asset but can't find object on disk
Trying to reload asset but can't find object on disk
Trying to reload asset but can't find object on disk
Trying to reload asset but can't find object on disk
Trying to reload asset but can't find object on disk
Trying to reload asset but can't find object on disk
Trying to reload asset but can't find object on disk
Trying to reload asset but can't find object on disk
Trying to reload asset but can't find object on disk
Trying to reload asset but can't find object on disk
Trying to reload asset but can't find object on disk
Trying to reload asset but can't find object on disk
Trying to reload asset but can't find object on disk
Trying to reload asset but can't find object on disk
Trying to reload asset but can't find object on disk
Trying to reload asset but can't find object on disk
Trying to reload asset but can't find object on disk
Trying to reload asset but can't find object on disk
Trying to reload asset but can't find object on disk
Refreshing native plugins compatible for Editor in 4.25 ms, found 0 plugins.
Preloading 0 native plugins for Editor in 0.00 ms.
Unloading 1 Unused Serialized files (Serialized files now loaded: 0)
Unloading 2 unused Assets / (3.6 KB). Loaded Objects now: 3631.
Memory consumption went from 71.5 MB to 71.5 MB.
Total: 3.383100 ms (FindLiveObjects: 0.421300 ms CreateObjectMapping: 0.217400 ms MarkObjects: 2.698400 ms  DeleteObjects: 0.045100 ms)

Prepare: number of updated asset objects reloaded= 0
AssetImportParameters requested are different than current active one (requested -> active):
  custom:container-demuxer-ogg: 62fdf1f143b41e24485cea50d1cbac27 -> 
  custom:video-codec-MediaFoundation-h265: 746d11721c4dcdbdad8f713fa42b33f4 -> 
  custom:video-decoder-ogg-theora: a1e56fd34408186e4bbccfd4996cb3dc -> 
  custom:framework-win-MediaFoundation: 216162199b28c13a410421893ffa2e32 -> 
  custom:CustomObjectIndexerAttribute: 9a22284fe3817be447336de3de66b15e -> 
  custom:container-demuxer-webm: 4f35f7cbe854078d1ac9338744f61a02 -> 
  custom:container-muxer-webm: aa71ff27fc2769a1b78a27578f13a17b -> 
  custom:video-decoder-webm-vp8: 9c59270c3fd7afecdb556c50c9e8de78 -> 
  custom:SearchIndexIgnoredProperties: e643bd26f0fe6173181afceb89e7c659 -> 
  custom:AudioImporter_EditorPlatform: d09bf68614088b80899f8185d706f6e7 -> 
  custom:video-encoder-webm-vp8: eb34c28f22e8b96e1ab97ce403110664 -> 
  custom:audio-decoder-ogg-vorbis: bf7c407c2cedff20999df2af8eb42d56 -> 
  custom:audio-encoder-webm-vorbis: bf7c407c2cedff20999df2af8eb42d56 -> 
  custom:scripting/monoscript/fileName/Light2D.cs:  -> f0b28a36e02ac27aef5d2e66d7400709
  custom:scripting/monoscript/fileName/DecalProjectorEditor.cs:  -> a081ef5bc6f5a3e296bdfd08ba042770
  custom:scripting/monoscript/fileName/AnimationPlayableAsset.cs:  -> 009db08c97e92a2c69986ab256d074e2
  custom:scripting/precompiled-assembly-types:Unity.PlasticSCM.Editor:  -> c7dee8b5a1cd08828a88ac45faf73772
  custom:scripting/precompiled-assembly-types:Unity.Burst.Unsafe:  -> 4f83dd30d4d7964b63b36d2fe1e95684
  custom:scripting/precompiled-assembly-types:Unity.RenderPipelines.Core.Runtime:  -> 304e9e04430772903aaca9825e470dcc
  custom:scripting/precompiled-assembly-types:Unity.VisualScripting.Core:  -> 0a21fb0e1386cc0544df7b99dc92b4ac
  custom:scripting/precompiled-assembly-types:Unity.PlasticSCM.Editor.Entities:  -> bae848875a35fe96f09fcc9f4e534600
  custom:scripting/monoscript/fileName/AnimationTrack.cs:  -> 579258c150686ede8cacf1f75da21715
  custom:scripting/precompiled-assembly-types:Unity.VisualScripting.State.Editor:  -> bfd19d10497364660dabdb7b0dffedf3
  custom:scripting/precompiled-assembly-types:Unity.ShaderGraph.Utilities:  -> a5f5ab80340e2d79f4dddb9a842c37b5
  custom:scripting/precompiled-assembly-types:Unity.Burst.Editor:  -> 9700c786cdfeaf9f4017c0c1ac262b4c
  custom:scripting/precompiled-assembly-types:Unity.VisualScripting.State:  -> a1b84a027925ee482b6dab13e9d110f3
  custom:scripting/precompiled-assembly-types:Unity.VisualScripting.SettingsProvider.Editor:  -> 41414d03caeb8d6946e082e3faf34ce7
  custom:scripting/precompiled-assembly-types:Unity.Burst.CodeGen:  -> 19855afef9c57189cba3f9164399ea40
  custom:scripting/monoscript/fileName/TextMeshPro.cs:  -> 0cfab9de2f927cf0a5e3dc6276498acd
  custom:scripting/precompiled-assembly-types:Unity.Burst.Cecil.Pdb:  -> 542ee58f25ed060f438b710d2d8b4fbd
  custom:scripting/precompiled-assembly-types:Unity.RenderPipelines.Universal.Config.Runtime:  -> d6ce9a11b3babd692318c3e48b3807d6
  custom:scripting/precompiled-assembly-types:Unity.Burst:  -> 813d3b3d85b4f226cca91b96115edc25
  custom:scripting/precompiled-assembly-types:Unity.RenderPipelines.Universal.2D.Internal:  -> 4d03fc9f275d470817b42b6a8a7c3043
  custom:scripting/precompiled-assembly-types:Unity.CollabProxy.Editor:  -> fad2a86ba067a8487842a7a29cba00a5
  custom:scripting/precompiled-assembly-types:Unity.Timeline.Editor:  -> 534d7c71c4dd9147ea00599cede121e1
  custom:scripting/precompiled-assembly-types:Unity.RenderPipelines.ShaderGraph.ShaderGraphLibrary:  -> 2b0f70078629f68eaf72bd5c996d479d
  custom:scripting/precompiled-assembly-types:Unity.RenderPipelines.Core.ShaderLibrary:  -> 3c0b64ed630330ed2a6537a9f18dabb5
  custom:scripting/precompiled-assembly-types:Cinemachine:  -> ddeb9d62afe5f9b9cc22254264a3a0e3
  custom:scripting/precompiled-assembly-types:com.unity.cinemachine.editor:  -> 1f055bd45c76785b23209ab6ee180f29
  custom:scripting/monoscript/fileName/FullScreenPassRendererFeature.cs:  -> ebbbef44b80ef5732dbfca6477a48ee1
  custom:scripting/precompiled-assembly-types:Unity.RenderPipelines.Core.Editor:  -> f8860ff5929cb85b004a64116af8e0c7
  custom:scripting/precompiled-assembly-types:Unity.RenderPipelines.Universal.Runtime:  -> 51327fdf1d3dd37ea9748aa847a65c87
  custom:scripting/monoscript/fileName/DebugState.cs:  -> 08c6f080780f0e58ab66c0a3e8c209e4
  custom:scripting/precompiled-assembly-types:Unity.RenderPipelines.Universal.Editor:  -> 78f93f843285e7cd35d9e7580640dbfc
  custom:scripting/monoscript/fileName/UniversalRenderPipelineGlobalSettings.cs:  -> a3b6b54d248ff08b86fefeb4768df907
  custom:scripting/precompiled-assembly-types:Unity.ShaderGraph.Editor:  -> bf6f3f3d27a6b2e612b4ba99419b6481
  custom:scripting/precompiled-assembly-types:Unity.Burst.Cecil.Mdb:  -> 267a0ac2928f725ab1cc9882bbfb898d
  custom:scripting/precompiled-assembly-types:Unity.Mathematics:  -> eda48956a0bece48f802264722748d9b
  custom:scripting/precompiled-assembly-types:UnityEditor.UI:  -> 6bae215471362000d6dbd3e0ee304a50
  custom:scripting/precompiled-assembly-types:JetBrains.Rider.PathLocator:  -> fb91ee72d999ec87cafee9848829a9a4
  custom:scripting/monoscript/fileName/TimelineAssetViewModel.cs:  -> 18a79fa063972d49f8538ad72ae7e75c
  custom:scripting/precompiled-assembly-types:log4net:  -> 019978558686b3dbe60f5be7e8a69682
  custom:scripting/precompiled-assembly-types:Unity.VisualScripting.TextureAssets:  -> c56209796e0bbe0cf0954c819164de90
  custom:scripting/precompiled-assembly-types:Unity.Timeline:  -> b058d380530d91aefff3cf869316d3f0
  custom:scripting/precompiled-assembly-types:Unity.Searcher.Editor:  -> 6e08cc58a0d3846aad56b26936b9a264
  custom:scripting/precompiled-assembly-types:Unity.VisualScripting.Shared.Editor:  -> b1bd646cbd56acfef4597dda0faf849f
  custom:scripting/precompiled-assembly-types:Unity.Burst.Cecil.Rocks:  -> 437ffcd7628e1436004701f82021574b
  custom:scripting/precompiled-assembly-types:nunit.framework:  -> de9c6147ae45b4e3446d0e562fb3bbe3
  custom:scripting/precompiled-assembly-types:Unity.Plastic.Newtonsoft.Json:  -> c587937513b02a3c784dfd4229f1b707
  custom:scripting/precompiled-assembly-types:Unity.Plastic.Antlr3.Runtime:  -> 6770513df7cfb4050a1e6f0a02312f5b
  custom:scripting/precompiled-assembly-types:Unity.VisualScripting.Core.Editor:  -> 39597c0f3a76e24d87d64afa59c5f88d
  custom:scripting/monoscript/fileName/TextMeshProUGUI.cs:  -> b783d06a82b0620f102e3253b4b9fc9b
  custom:scripting/precompiled-assembly-types:UnityEngine.TestRunner:  -> f5758234275f5346968d00e3b1a1c0e4
  custom:scripting/precompiled-assembly-types:Unity.RenderPipeline.Universal.ShaderLibrary:  -> 688645a35edb23da7def5447ad2ad7ae
  custom:scripting/precompiled-assembly-types:PPv2URPConverters:  -> bae848875a35fe96f09fcc9f4e534600
  custom:scripting/precompiled-assembly-types:Unity.VisualScripting.YamlDotNet:  -> 42147c7a78dea3b36998a42e40ee1ca1
  custom:scripting/precompiled-assembly-types:Unity.Burst.Cecil:  -> 997689720027a6523ba4efde94923b20
  custom:scripting/precompiled-assembly-types:Unity.RenderPipelines.Universal.Shaders:  -> a1e6537565ab46852e5d3bec24d03953
  custom:scripting/monoscript/fileName/UniversalRenderPipelineAsset.cs:  -> 44d29cff0a5d058e760518e1729b9f3e
  custom:scripting/precompiled-assembly-types:Unity.VisualScripting.Antlr3.Runtime:  -> faf423e1a2226361a83dad1da848e5b7
  custom:scripting/monoscript/fileName/Renderer2DData.cs:  -> f8a889de7b6a22494c8bf8e627a325bf
  custom:scripting/precompiled-assembly-types:Unity.VSCode.Editor:  -> ce0f8be6c84057ddac8877610b9e6a0a
  custom:scripting/monoscript/fileName/DisplayWindow.cs:  -> 5fbb58f67d9ef9189379b30fc85923ba
  custom:scripting/monoscript/fileName/Bloom.cs:  -> e051d0d488dd04170db16f16dbc31846
  custom:scripting/precompiled-assembly-types:Unity.VisualScripting.IonicZip:  -> cbdf74419b68ead93c00ca698cf31212
  custom:scripting/precompiled-assembly-types:Unity.VisualScripting.Flow:  -> bc99c07bfe2ca209f1879006fb72d2cd
  custom:scripting/precompiled-assembly-types:UnityEngine.UI:  -> 435ea300f6ea6646627f670b8b9884a1
  custom:scripting/precompiled-assembly-types:Unity.Mathematics.Editor:  -> 067e2f26d70b07279a04fc60a0f0bbd6
  custom:scripting/monoscript/fileName/TimelineAsset.cs:  -> 922c4504d3900c9d0f1009b93072bf15
  custom:scripting/precompiled-assembly-types:Unity.TextMeshPro.Editor:  -> 46ffe279a7239cd1fb74eb9c5ab5b5d8
  custom:scripting/precompiled-assembly-types:Unity.VisualStudio.Editor:  -> 8196c7ff3a716df6975b114b464f1975
  custom:scripting/precompiled-assembly-types:Assembly-CSharp-Editor:  -> aca7125a3389c5f4127a11b74e5e93cb
  custom:scripting/monoscript/fileName/ProbeVolume.cs:  -> c5dff5f16b984bc7f85121a44a60e634
  custom:scripting/monoscript/fileName/TrackAsset.cs:  -> 05c366eb01e12385210cbb2c784bc95b
  custom:scripting/precompiled-assembly-types:UnityEditor.TestRunner:  -> 1b08a5e3d69264f3b8177a3e839577fe
  custom:scripting/precompiled-assembly-types:Unity.TextMeshPro:  -> 59230975e8163396a463bd906828ec67
  custom:scripting/monoscript/fileName/TimelineWindow.cs:  -> 1ecae22b1c6d42e0f96084d9a8d5699a
  custom:scripting/precompiled-assembly-types:Assembly-CSharp:  -> 20cdaaa988618e7c32f4baf96f88c255
  custom:scripting/precompiled-assembly-types:unityplastic:  -> 5bde8748ad96b76db7e241ebd9a22efc
  custom:scripting/precompiled-assembly-types:Unity.Rider.Editor:  -> 0de55238d3a55d2a1ba196ecf7047382
  custom:scripting/monoscript/fileName/VolumeComponent.cs:  -> 0ce2900bf4b52691e991c42d8d280291
  custom:scripting/precompiled-assembly-types:Unity.VisualScripting.Flow.Editor:  -> db5f2770bb05e70eb00d2307d36e9057
